<?xml version="1.0" encoding="UTF-8"?>
<!-- Generated by org.testng.reporters.JUnitReportReporter -->
<testsuite skipped="0" hostname="DIN66008786" name="com.qa.test.TestNGFeatures" tests="2" failures="0" timestamp="25 May 2018 12:19:05 GMT" time="0.000" errors="0">
  <testcase name="loginTest" time="0.000" classname="com.qa.test.TestNGFeatures"/>
  <testcase name="HomePageTest" time="0.000" classname="com.qa.test.TestNGFeatures"/>
</testsuite> <!-- com.qa.test.TestNGFeatures -->
